<?xml version="1.0" encoding="UTF-8"?>
<!-- Generated by org.testng.reporters.JUnitReportReporter -->
<testsuite hostname="LAPTOP-JI1PGURS" failures="0" tests="1" name="testcases.TC002_LoginTest" time="1.163" errors="0" timestamp="2025-04-24T16:20:17 IST" skipped="0">
  <testcase classname="testcases.TC002_LoginTest" name="verifylogin" time="1.163"/>
</testsuite> <!-- testcases.TC002_LoginTest -->
