<?xml version="1.0" encoding="UTF-8"?>
<!-- Generated by org.testng.reporters.JUnitReportReporter -->
<testsuite hostname="LAPTOP-JI1PGURS" failures="0" tests="1" name="testcases.TC001_AccountRegistrationTest" time="3.748" errors="0" timestamp="2025-04-24T12:07:50 IST" skipped="0">
  <testcase classname="testcases.TC001_AccountRegistrationTest" name="AccountVerification" time="3.748"/>
</testsuite> <!-- testcases.TC001_AccountRegistrationTest -->
